<?xml version="1.0" encoding="UTF-8"?>
<testsuite xmlns:xsi="http://www.w3.org/2001/XMLSchema-instance" xsi:noNamespaceSchemaLocation="https://maven.apache.org/surefire/maven-surefire-plugin/xsd/surefire-test-report-3.0.xsd" version="3.0" name="assignment.librarymanagementsystem.ItemTest" time="0.312" tests="14" errors="0" skipped="0" failures="0">
  <properties>
[...]
</properties>
  <testcase name="testIfBorrowed" classname="assignment.librarymanagementsystem.ItemTest" time="0.071">
    <system-out><![CDATA[ifBorrowed
]]></system-out>
  </testcase>
  <testcase name="testGetTimesBorrowed" classname="assignment.librarymanagementsystem.ItemTest" time="0.004">
    <system-out><![CDATA[getTimesBorrowed
]]></system-out>
  </testcase>
  <testcase name="testGetIsBorrowed" classname="assignment.librarymanagementsystem.ItemTest" time="0.006">
    <system-out><![CDATA[getIsBorrowed
]]></system-out>
  </testcase>
  <testcase name="testGetId" classname="assignment.librarymanagementsystem.ItemTest" time="0.005">
    <system-out><![CDATA[getId
]]></system-out>
  </testcase>
  <testcase name="testRequestRepair" classname="assignment.librarymanagementsystem.ItemTest" time="0.004">
    <system-out><![CDATA[requestRepair
]]></system-out>
  </testcase>
  <testcase name="testSetPageCount" classname="assignment.librarymanagementsystem.ItemTest" time="0.003">
    <system-out><![CDATA[setPageCount
]]></system-out>
  </testcase>
  <testcase name="testGetDigitalCopy" classname="assignment.librarymanagementsystem.ItemTest" time="0.005">
    <system-out><![CDATA[getDigitalCopy
]]></system-out>
  </testcase>
  <testcase name="testCreateDigitalCopy" classname="assignment.librarymanagementsystem.ItemTest" time="0.004">
    <system-out><![CDATA[createDigitalCopy
]]></system-out>
  </testcase>
  <testcase name="testIfDamaged" classname="assignment.librarymanagementsystem.ItemTest" time="0.005">
    <system-out><![CDATA[ifDamaged
]]></system-out>
  </testcase>
  <testcase name="testReturnItem" classname="assignment.librarymanagementsystem.ItemTest" time="0.003">
    <system-out><![CDATA[returnItem
]]></system-out>
  </testcase>
  <testcase name="testGetTotalCopies" classname="assignment.librarymanagementsystem.ItemTest" time="0.012">
    <system-out><![CDATA[getTotalCopies
]]></system-out>
  </testcase>
  <testcase name="testBorrow" classname="assignment.librarymanagementsystem.ItemTest" time="0.007">
    <system-out><![CDATA[borrow
]]></system-out>
  </testcase>
  <testcase name="testGetIsDamaged" classname="assignment.librarymanagementsystem.ItemTest" time="0.004">
    <system-out><![CDATA[getIsDamaged
]]></system-out>
  </testcase>
  <testcase name="testGetPageCount" classname="assignment.librarymanagementsystem.ItemTest" time="0.004">
    <system-out><![CDATA[getPageCount
]]></system-out>
  </testcase>
</testsuite>