<?xml version="1.0" encoding="UTF-8"?>
<testsuite xmlns:xsi="http://www.w3.org/2001/XMLSchema-instance" xsi:noNamespaceSchemaLocation="https://maven.apache.org/surefire/maven-surefire-plugin/xsd/surefire-test-report-3.0.xsd" version="3.0" name="assignment.librarymanagementsystem.LibraryManagementSystemTest" time="0.267" tests="15" errors="0" skipped="0" failures="0">
  <properties>
[...]
</properties>
  <testcase name="testGetItems" classname="assignment.librarymanagementsystem.LibraryManagementSystemTest" time="0.048">
    <system-out><![CDATA[getItems
]]></system-out>
  </testcase>
  <testcase name="testAddItem" classname="assignment.librarymanagementsystem.LibraryManagementSystemTest" time="0.004">
    <system-out><![CDATA[addItem
]]></system-out>
  </testcase>
  <testcase name="testFindMostPopularItemBasesOnTimesBorrowed" classname="assignment.librarymanagementsystem.LibraryManagementSystemTest" time="0.009">
    <system-out><![CDATA[findMostPopularItemBasesOnTimesBorrowed
]]></system-out>
  </testcase>
  <testcase name="testGetTransactions" classname="assignment.librarymanagementsystem.LibraryManagementSystemTest" time="0.007">
    <system-out><![CDATA[getTransactions
]]></system-out>
  </testcase>
  <testcase name="testFindMostDownloadedItem" classname="assignment.librarymanagementsystem.LibraryManagementSystemTest" time="0.005">
    <system-out><![CDATA[findMostDownloadedItem
]]></system-out>
  </testcase>
  <testcase name="testSearchByTitle" classname="assignment.librarymanagementsystem.LibraryManagementSystemTest" time="0.004">
    <system-out><![CDATA[searchByTitle
]]></system-out>
  </testcase>
  <testcase name="testFindMostActiveMember" classname="assignment.librarymanagementsystem.LibraryManagementSystemTest" time="0.004">
    <system-out><![CDATA[findMostActiveMember
]]></system-out>
  </testcase>
  <testcase name="testGetArchiveBooks" classname="assignment.librarymanagementsystem.LibraryManagementSystemTest" time="0.004">
    <system-out><![CDATA[getArchiveBooks
[assignment.librarymanagementsystem.Book@2b71e916]
]]></system-out>
  </testcase>
  <testcase name="testAddMember" classname="assignment.librarymanagementsystem.LibraryManagementSystemTest" time="0.005">
    <system-out><![CDATA[addMember
]]></system-out>
  </testcase>
  <testcase name="testReturnBook" classname="assignment.librarymanagementsystem.LibraryManagementSystemTest" time="0.003">
    <system-out><![CDATA[returnBook
]]></system-out>
  </testcase>
  <testcase name="testBorrowBook" classname="assignment.librarymanagementsystem.LibraryManagementSystemTest" time="0.006">
    <system-out><![CDATA[borrowBook
]]></system-out>
  </testcase>
  <testcase name="testFindMostPopularItem" classname="assignment.librarymanagementsystem.LibraryManagementSystemTest" time="0.007">
    <system-out><![CDATA[findMostPopularItem
]]></system-out>
  </testcase>
  <testcase name="testPeriodicRepairCheck" classname="assignment.librarymanagementsystem.LibraryManagementSystemTest" time="0.006">
    <system-out><![CDATA[periodicRepairCheck
]]></system-out>
  </testcase>
  <testcase name="testSearchByAuthor" classname="assignment.librarymanagementsystem.LibraryManagementSystemTest" time="0.009">
    <system-out><![CDATA[searchByAuthor
]]></system-out>
  </testcase>
  <testcase name="testFindMostViewedItem" classname="assignment.librarymanagementsystem.LibraryManagementSystemTest" time="0.003">
    <system-out><![CDATA[findMostViewedItem
]]></system-out>
  </testcase>
</testsuite>